09:48:42.461 [main] INFO  testCase.TC_003_CorporateHealthAndWellness_InvalidDetails - The Contact Number Entered
09:48:42.632 [main] INFO  testCase.TC_003_CorporateHealthAndWellness_InvalidDetails - Invalid Email-Id Entered
09:48:42.890 [main] INFO  testCase.TC_003_CorporateHealthAndWellness_InvalidDetails - Selected Organizantion's Size from Dropdown
09:48:43.115 [main] INFO  testCase.TC_003_CorporateHealthAndWellness_InvalidDetails - Selected Interested-In from Dropdown
09:48:43.153 [main] INFO  testCase.TC_003_CorporateHealthAndWellness_InvalidDetails - Schedule button is disabled
09:48:43.153 [main] INFO  testCase.TC_003_CorporateHealthAndWellness_InvalidDetails - ***** Ending TC_003_CorporateHealthAndWellness_InvalidDetails *****
09:49:00.334 [main] INFO  testCase.TC_004_CorporateHealthAndWellness_ValidDetails - ***** Starting TC_004_CorporateHealthAndWellness_ValidDetails *****
09:49:00.474 [main] INFO  testCase.TC_004_CorporateHealthAndWellness_ValidDetails - Clicked On Corporates
09:49:07.313 [main] INFO  testCase.TC_004_CorporateHealthAndWellness_ValidDetails - Clicked On Health And Wellness Plans Option
09:49:07.336 [main] INFO  testCase.TC_004_CorporateHealthAndWellness_ValidDetails - Scrolled down
09:49:07.506 [main] INFO  testCase.TC_004_CorporateHealthAndWellness_ValidDetails - Name Entered
09:49:07.681 [main] INFO  testCase.TC_004_CorporateHealthAndWellness_ValidDetails - Organization Name Entered
09:49:07.839 [main] INFO  testCase.TC_004_CorporateHealthAndWellness_ValidDetails - Contact Number Entered
09:49:08.022 [main] INFO  testCase.TC_004_CorporateHealthAndWellness_ValidDetails - Valid Email-Id Entered
09:49:08.252 [main] INFO  testCase.TC_004_CorporateHealthAndWellness_ValidDetails - Selected Organizantion's Size from Dropdown
09:49:08.450 [main] INFO  testCase.TC_004_CorporateHealthAndWellness_ValidDetails - Selected Interested-In from Dropdown
09:49:08.667 [main] INFO  testCase.TC_004_CorporateHealthAndWellness_ValidDetails - Clicked On Schedule button 
09:49:23.959 [main] INFO  testCase.TC_004_CorporateHealthAndWellness_ValidDetails - Captured ScreenShot of Thank You Pop-Up
09:49:23.959 [main] INFO  testCase.TC_004_CorporateHealthAndWellness_ValidDetails - Validating expected THANK YOU Message
09:49:24.009 [main] INFO  testCase.TC_004_CorporateHealthAndWellness_ValidDetails - THANK YOU Message Validated
09:49:24.009 [main] INFO  testCase.TC_004_CorporateHealthAndWellness_ValidDetails - Printed Thankyou Text in console 
09:49:24.046 [main] INFO  testCase.TC_004_CorporateHealthAndWellness_ValidDetails - Printed Thankyou Paragraph in console 
09:49:24.046 [main] INFO  testCase.TC_004_CorporateHealthAndWellness_ValidDetails - ***** Ending TC_004_CorporateHealthAndWellness_ValidDetails *****
