17:14:13.467 [main] INFO  testCase.TC_002_CaptureSurgeries - Clicked on Close Button and Closed the Open Tab
17:14:14.199 [main] INFO  testCase.TC_002_CaptureSurgeries - Clicked On Ophthamology
17:14:15.748 [main] INFO  testCase.TC_002_CaptureSurgeries - Captured ScreenShot of Ophthamology Surgeries
17:14:15.796 [main] INFO  testCase.TC_002_CaptureSurgeries - Displaying The List of All Ophthamology Surgeries in Console and Excel Sheet
17:14:16.856 [main] INFO  testCase.TC_002_CaptureSurgeries - Displayed List of All Ophthamology Surgeries in Console and Excel Sheet
17:14:17.173 [main] INFO  testCase.TC_002_CaptureSurgeries - Clicked on Close Button and Closed the Open Tab
17:14:17.992 [main] INFO  testCase.TC_002_CaptureSurgeries - Clicked On Urology
17:14:19.495 [main] INFO  testCase.TC_002_CaptureSurgeries - Captured ScreenShot of Urology Surgeries
17:14:19.540 [main] INFO  testCase.TC_002_CaptureSurgeries - Displaying The List of All Urology Surgeries in Console and Excel Sheet
17:14:21.863 [main] INFO  testCase.TC_002_CaptureSurgeries - Displayed List of All Urology Surgeries in Console and Excel Sheet
17:14:22.139 [main] INFO  testCase.TC_002_CaptureSurgeries - Clicked on Close Button and Closed the Open Tab
17:14:22.954 [main] INFO  testCase.TC_002_CaptureSurgeries - Clicked On Cosmetic
17:14:24.511 [main] INFO  testCase.TC_002_CaptureSurgeries - Captured ScreenShot of Cosmetic Surgeries
17:14:24.552 [main] INFO  testCase.TC_002_CaptureSurgeries - Displaying The List of All Cosmetic Surgeries in Console and Excel Sheet
17:14:25.573 [main] INFO  testCase.TC_002_CaptureSurgeries - Displayed List of All Cosmetic Surgeries in Console and Excel Sheet
17:14:25.801 [main] INFO  testCase.TC_002_CaptureSurgeries - Clicked on Close Button and Closed the Open Tab
17:14:26.746 [main] INFO  testCase.TC_002_CaptureSurgeries - Clicked On Orthopedics
17:14:28.412 [main] INFO  testCase.TC_002_CaptureSurgeries - Captured ScreenShot of Orthopedics Surgeries
17:14:28.480 [main] INFO  testCase.TC_002_CaptureSurgeries - Displaying The List of All Orthopedics Surgeries in Console and Excel Sheet
17:14:30.228 [main] INFO  testCase.TC_002_CaptureSurgeries - Displayed List of All Orthopedics Surgeries in Console and Excel Sheet
17:14:30.453 [main] INFO  testCase.TC_002_CaptureSurgeries - Clicked on Close Button and Closed the Open Tab
17:14:30.454 [main] INFO  testCase.TC_002_CaptureSurgeries - ***** Ending TC_002_CaptureSurgeries *****
17:14:43.719 [main] INFO  testCase.TC_003_CorporateHealthAndWellness_InvalidDetails - ***** Starting TC_003_CorporateHealthAndWellness_InvalidDetails *****
17:14:47.643 [main] INFO  testCase.TC_003_CorporateHealthAndWellness_InvalidDetails - Clicked On Corporates
17:14:54.682 [main] INFO  testCase.TC_003_CorporateHealthAndWellness_InvalidDetails - Clicked On Health And Wellness Plans Option
17:14:54.808 [main] INFO  testCase.TC_003_CorporateHealthAndWellness_InvalidDetails - Scrolled down
17:14:55.637 [main] INFO  testCase.TC_003_CorporateHealthAndWellness_InvalidDetails - Name Entered
17:14:56.051 [main] INFO  testCase.TC_003_CorporateHealthAndWellness_InvalidDetails - Organization Name Entered
17:14:56.321 [main] INFO  testCase.TC_003_CorporateHealthAndWellness_InvalidDetails - The Contact Number Entered
17:14:56.550 [main] INFO  testCase.TC_003_CorporateHealthAndWellness_InvalidDetails - Invalid Email-Id Entered
17:14:57.001 [main] INFO  testCase.TC_003_CorporateHealthAndWellness_InvalidDetails - Selected Organizantion's Size from Dropdown
17:14:57.439 [main] INFO  testCase.TC_003_CorporateHealthAndWellness_InvalidDetails - Selected Interested-In from Dropdown
17:14:57.509 [main] INFO  testCase.TC_003_CorporateHealthAndWellness_InvalidDetails - Schedule button is disabled
17:14:57.510 [main] INFO  testCase.TC_003_CorporateHealthAndWellness_InvalidDetails - ***** Ending TC_003_CorporateHealthAndWellness_InvalidDetails *****
17:15:15.942 [main] INFO  testCase.TC_004_CorporateHealthAndWellness_ValidDetails - ***** Starting TC_004_CorporateHealthAndWellness_ValidDetails *****
17:15:16.167 [main] INFO  testCase.TC_004_CorporateHealthAndWellness_ValidDetails - Clicked On Corporates
17:15:23.797 [main] INFO  testCase.TC_004_CorporateHealthAndWellness_ValidDetails - Clicked On Health And Wellness Plans Option
17:15:23.852 [main] INFO  testCase.TC_004_CorporateHealthAndWellness_ValidDetails - Scrolled down
17:15:24.291 [main] INFO  testCase.TC_004_CorporateHealthAndWellness_ValidDetails - Name Entered
17:15:25.653 [main] INFO  testCase.TC_004_CorporateHealthAndWellness_ValidDetails - Organization Name Entered
17:15:26.135 [main] INFO  testCase.TC_004_CorporateHealthAndWellness_ValidDetails - Contact Number Entered
17:15:27.299 [main] INFO  testCase.TC_004_CorporateHealthAndWellness_ValidDetails - Valid Email-Id Entered
17:15:28.719 [main] INFO  testCase.TC_004_CorporateHealthAndWellness_ValidDetails - Selected Organizantion's Size from Dropdown
17:15:29.120 [main] INFO  testCase.TC_004_CorporateHealthAndWellness_ValidDetails - Selected Interested-In from Dropdown
