11:43:53.101 [main] INFO  testCase.TC_002_CaptureSurgeries - Displayed List of All Ophthamology Surgeries in Console and Excel Sheet
11:43:53.300 [main] INFO  testCase.TC_002_CaptureSurgeries - Clicked on Close Button and Closed the Open Tab
11:43:54.070 [main] INFO  testCase.TC_002_CaptureSurgeries - Clicked On Urology
11:43:55.543 [main] INFO  testCase.TC_002_CaptureSurgeries - Captured ScreenShot of Urology Surgeries
11:43:55.593 [main] INFO  testCase.TC_002_CaptureSurgeries - Displaying The List of All Urology Surgeries in Console and Excel Sheet
11:43:57.761 [main] INFO  testCase.TC_002_CaptureSurgeries - Displayed List of All Urology Surgeries in Console and Excel Sheet
11:43:58.064 [main] INFO  testCase.TC_002_CaptureSurgeries - Clicked on Close Button and Closed the Open Tab
11:43:58.850 [main] INFO  testCase.TC_002_CaptureSurgeries - Clicked On Cosmetic
11:44:00.483 [main] INFO  testCase.TC_002_CaptureSurgeries - Captured ScreenShot of Cosmetic Surgeries
11:44:00.557 [main] INFO  testCase.TC_002_CaptureSurgeries - Displaying The List of All Cosmetic Surgeries in Console and Excel Sheet
11:44:01.694 [main] INFO  testCase.TC_002_CaptureSurgeries - Displayed List of All Cosmetic Surgeries in Console and Excel Sheet
11:44:01.961 [main] INFO  testCase.TC_002_CaptureSurgeries - Clicked on Close Button and Closed the Open Tab
11:44:02.822 [main] INFO  testCase.TC_002_CaptureSurgeries - Clicked On Orthopedics
11:44:04.287 [main] INFO  testCase.TC_002_CaptureSurgeries - Captured ScreenShot of Orthopedics Surgeries
11:44:04.327 [main] INFO  testCase.TC_002_CaptureSurgeries - Displaying The List of All Orthopedics Surgeries in Console and Excel Sheet
11:44:05.695 [main] INFO  testCase.TC_002_CaptureSurgeries - Displayed List of All Orthopedics Surgeries in Console and Excel Sheet
11:44:05.984 [main] INFO  testCase.TC_002_CaptureSurgeries - Clicked on Close Button and Closed the Open Tab
11:44:05.984 [main] INFO  testCase.TC_002_CaptureSurgeries - ***** Ending TC_002_CaptureSurgeries *****
11:44:24.561 [main] INFO  testCase.TC_003_CorporateHealthAndWellness_InvalidDetails - ***** Starting TC_003_CorporateHealthAndWellness_InvalidDetails *****
11:44:24.781 [main] INFO  testCase.TC_003_CorporateHealthAndWellness_InvalidDetails - Clicked On Corporates
11:44:33.874 [main] INFO  testCase.TC_003_CorporateHealthAndWellness_InvalidDetails - Clicked On Health And Wellness Plans Option
11:44:33.910 [main] INFO  testCase.TC_003_CorporateHealthAndWellness_InvalidDetails - Scrolled down
11:44:34.237 [main] INFO  testCase.TC_003_CorporateHealthAndWellness_InvalidDetails - Name Entered
11:44:34.622 [main] INFO  testCase.TC_003_CorporateHealthAndWellness_InvalidDetails - Organization Name Entered
11:44:34.958 [main] INFO  testCase.TC_003_CorporateHealthAndWellness_InvalidDetails - The Contact Number Entered
11:44:35.265 [main] INFO  testCase.TC_003_CorporateHealthAndWellness_InvalidDetails - Invalid Email-Id Entered
11:44:35.840 [main] INFO  testCase.TC_003_CorporateHealthAndWellness_InvalidDetails - Selected Organizantion's Size from Dropdown
11:44:36.229 [main] INFO  testCase.TC_003_CorporateHealthAndWellness_InvalidDetails - Selected Interested-In from Dropdown
11:44:36.292 [main] INFO  testCase.TC_003_CorporateHealthAndWellness_InvalidDetails - Schedule button is disabled
11:44:36.293 [main] INFO  testCase.TC_003_CorporateHealthAndWellness_InvalidDetails - ***** Ending TC_003_CorporateHealthAndWellness_InvalidDetails *****
11:44:51.748 [main] INFO  testCase.TC_004_CorporateHealthAndWellness_ValidDetails - ***** Starting TC_004_CorporateHealthAndWellness_ValidDetails *****
11:44:57.468 [main] INFO  testCase.TC_004_CorporateHealthAndWellness_ValidDetails - Clicked On Corporates
11:45:09.167 [main] INFO  testCase.TC_004_CorporateHealthAndWellness_ValidDetails - Clicked On Health And Wellness Plans Option
11:45:09.202 [main] INFO  testCase.TC_004_CorporateHealthAndWellness_ValidDetails - Scrolled down
11:45:09.506 [main] INFO  testCase.TC_004_CorporateHealthAndWellness_ValidDetails - Name Entered
11:45:09.806 [main] INFO  testCase.TC_004_CorporateHealthAndWellness_ValidDetails - Organization Name Entered
11:45:10.077 [main] INFO  testCase.TC_004_CorporateHealthAndWellness_ValidDetails - Contact Number Entered
11:45:10.383 [main] INFO  testCase.TC_004_CorporateHealthAndWellness_ValidDetails - Valid Email-Id Entered
11:45:10.761 [main] INFO  testCase.TC_004_CorporateHealthAndWellness_ValidDetails - Selected Organizantion's Size from Dropdown
11:45:11.101 [main] INFO  testCase.TC_004_CorporateHealthAndWellness_ValidDetails - Selected Interested-In from Dropdown
11:45:11.417 [main] INFO  testCase.TC_004_CorporateHealthAndWellness_ValidDetails - Clicked On Schedule button 
11:45:26.853 [main] INFO  testCase.TC_004_CorporateHealthAndWellness_ValidDetails - Captured ScreenShot of Thank You Pop-Up
11:45:26.854 [main] INFO  testCase.TC_004_CorporateHealthAndWellness_ValidDetails - Validating expected THANK YOU Message
